Change Component Designator: Old Designator=*? New Designator=*1
Change Component Designator: Old Designator=C1.1 New Designator=C13
Change Component Designator: Old Designator=C1.2 New Designator=C14
Change Component Designator: Old Designator=C4 New Designator=C12
Change Component Designator: Old Designator=C6 New Designator=C2
Change Component Designator: Old Designator=C7 New Designator=C9
Change Component Designator: Old Designator=C8 New Designator=C10
Change Component Designator: Old Designator=C9 New Designator=C8
Change Component Designator: Old Designator=C10 New Designator=C17
Change Component Designator: Old Designator=C12 New Designator=C1
Change Component Designator: Old Designator=C13 New Designator=C3
Change Component Designator: Old Designator=C15 New Designator=C4
Change Component Designator: Old Designator=C17 New Designator=C11
Change Component Designator: Old Designator=C18 New Designator=C15
Change Component Designator: Old Designator=C19 New Designator=C16
Change Component Designator: Old Designator=C? New Designator=C5
Change Component Designator: Old Designator=C? New Designator=C6
Change Component Designator: Old Designator=C? New Designator=C7
Change Component Designator: Old Designator=JP? New Designator=JP1
Change Component Designator: Old Designator=Q6 New Designator=Q1
Change Component Designator: Old Designator=R18 New Designator=R9
Change Component Designator: Old Designator=R19 New Designator=R7
Change Component Designator: Old Designator=R20 New Designator=R8
Change Component Designator: Old Designator=R21 New Designator=R2
Change Component Designator: Old Designator=R23 New Designator=R3
Change Component Designator: Old Designator=R25 New Designator=R5
Change Component Designator: Old Designator=R26 New Designator=R4
Change Component Designator: Old Designator=R27 New Designator=R10
Change Component Designator: Old Designator=R28 New Designator=R6
Change Component Designator: Old Designator=U1 New Designator=U3
Change Component Designator: Old Designator=U3 New Designator=U4
Change Component Designator: Old Designator=U? New Designator=U1
Change Component Designator: Old Designator=U? New Designator=U5
