Removed Pin From Net: NetName=3V3 Pin=C5-1
Removed Pin From Net: NetName=GND Pin=C5-2
Removed Pin From Net: NetName=3V3 Pin=C6-1
Removed Pin From Net: NetName=GND Pin=C6-2
Removed Pin From Net: NetName=GND Pin=C7-1
Removed Pin From Net: NetName=3V3 Pin=C7-2
Removed Pin From Net: NetName=3V3 Pin=C8-1
Removed Pin From Net: NetName=GND Pin=C8-2
Removed Pin From Net: NetName=GND Pin=C9-1
Removed Pin From Net: NetName=3V3 Pin=C9-2
Removed Pin From Net: NetName=3V3 Pin=C19-1
Removed Pin From Net: NetName=GND Pin=C19-2
Removed Pin From Net: NetName=GND Pin=J1-02
Removed Pin From Net: NetName=3V3 Pin=Q3-2
Removed Pin From Net: NetName=3V3 Pin=Q4-2
Removed Pin From Net: NetName=3V3 Pin=Q5-2
Removed Pin From Net: NetName=3V3 Pin=Q6-2
Removed Pin From Net: NetName=GND Pin=R1-1
Removed Pin From Net: NetName=3V3 Pin=R22-2
Removed Pin From Net: NetName=3V3 Pin=R23-1
Removed Pin From Net: NetName=GND Pin=R24-1
Removed Pin From Net: NetName=GND Pin=S1-3
Removed Pin From Net: NetName=3V3 Pin=U5-1
Removed Pin From Net: NetName=GND Pin=U5-8
Removed Pin From Net: NetName=3V3 Pin=U5-9
Removed Pin From Net: NetName=GND Pin=U5-23
Removed Pin From Net: NetName=3V3 Pin=U5-24
Removed Pin From Net: NetName=buzzer Pin=U5-29
Removed Pin From Net: NetName=GND Pin=U5-35
Removed Pin From Net: NetName=3V3 Pin=U5-36
Removed Pin From Net: NetName=GND Pin=U5-47
Removed Pin From Net: NetName=3V3 Pin=U5-48
Removed Member From Class: ClassName=ver_3 Member=Q3
Removed Member From Class: ClassName=ver_3 Member=Q4
Removed Member From Class: ClassName=ver_3 Member=Q5
Removed Member From Class: ClassName=ver_3 Member=Q6
Removed Member From Class: ClassName=ver_3 Member=R14
Removed Member From Class: ClassName=ver_3 Member=R16
Removed Member From Class: ClassName=ver_3 Member=R17
Removed Member From Class: ClassName=ver_3 Member=R18
Removed Member From Class: ClassName=ver_3 Member=R19
Removed Member From Class: ClassName=ver_3 Member=R22
Change Component Footprint: Designator=U3 Old Footprint=3641BS New Footprint=ESP-32-WROOM
Change Component Footprint: Designator=J1 Old Footprint=JP3x1 New Footprint=JP5x1
Change Component Comment : Designator=C5 Old Comment=104 New Comment=0.1uF
Change Component Comment : Designator=C6 Old Comment=104 New Comment=10uF
Change Component Comment : Designator=R9 Old Comment=330 New Comment=10K
Change Component Comment : Designator=R10 Old Comment=330 New Comment=10K
Change Component Comment : Designator=U3 Old Comment=3641AS New Comment=ESP32-WROOM-32
Change Component Comment : Designator=J1 Old Comment=JP3x1 New Comment=JP5x1
Change Component Designator: OldDesignator=C10 NewDesignator=C7
Change Component Designator: OldDesignator=C12 NewDesignator=C9
Change Component Designator: OldDesignator=C13 NewDesignator=C10
Change Component Designator: OldDesignator=C14 NewDesignator=C11
Change Component Designator: OldDesignator=C15 NewDesignator=C12
Change Component Designator: OldDesignator=C16 NewDesignator=C13
Change Component Designator: OldDesignator=C17 NewDesignator=C14
Change Component Designator: OldDesignator=C18 NewDesignator=C15
Change Component Designator: OldDesignator=R2 NewDesignator=R1
Change Component Designator: OldDesignator=R5 NewDesignator=R2
Change Component Designator: OldDesignator=R12 NewDesignator=R3
Change Component Designator: OldDesignator=R13 NewDesignator=R4
Change Component Designator: OldDesignator=R14 NewDesignator=R5
Change Component Designator: OldDesignator=R15 NewDesignator=R6
Change Component Designator: OldDesignator=R20 NewDesignator=R7
Change Component Designator: OldDesignator=R21 NewDesignator=R8
Change Component Designator: OldDesignator=U6 NewDesignator=U5
Change Component Designator: OldDesignator=U7 NewDesignator=U6
Added Component: Designator=C8(CN-SMD-0603)
Added Pin To Net: NetName=GND Pin=C5-1
Added Pin To Net: NetName=3V3 Pin=C5-2
Added Pin To Net: NetName=GND Pin=C6-1
Added Pin To Net: NetName=3V3 Pin=C6-2
Added Pin To Net: NetName=GND Pin=C8-1
Added Pin To Net: NetName=3V3 Pin=C8-2
Added Pin To Net: NetName=GND Pin=J1-01
Added Pin To Net: NetName=3V3 Pin=R9-2
Added Pin To Net: NetName=3V3 Pin=R10-2
Added Pin To Net: NetName=GND Pin=U3-1
Added Pin To Net: NetName=3V3 Pin=U3-2
Added Pin To Net: NetName=GND Pin=U3-15
Added Pin To Net: NetName=GND Pin=U3-38
Added Pin To Net: NetName=GND Pin=U3-39
Change Net Name : Old Net Name=NetC13_1 New Net Name=NetC10_1
Change Net Name : Old Net Name=NetC14_1 New Net Name=NetC11_1
Change Net Name : Old Net Name=NetC14_2 New Net Name=NetC11_2
Added Pin To Net: NetName=IO0 Pin=J1-05
Added Pin To Net: NetName=IO0 Pin=R10-1
Added Pin To Net: NetName=IO0 Pin=U3-25
Added Net: Name=IO0
Added Pin To Net: NetName=IO4 Pin=U3-26
Added Pin To Net: NetName=IO4 Pin=U4-10
Added Net: Name=IO4
Added Pin To Net: NetName=RST Pin=J1-02
Added Pin To Net: NetName=RST Pin=R9-1
Added Pin To Net: NetName=RST Pin=U3-3
Added Net: Name=RST
Added Pin To Net: NetName=RX0 Pin=J1-04
Added Pin To Net: NetName=RX0 Pin=U3-34
Added Net: Name=RX0
Added Pin To Net: NetName=TX0 Pin=J1-03
Added Pin To Net: NetName=TX0 Pin=U3-35
Added Net: Name=TX0
Change Class Name : Old Net Name=ver_3 New Net Name=ver_4
Added Member To Class: ClassName=ver_4 Member=Component BUZZER1 buzzer_9x5.5
Added Member To Class: ClassName=ver_4 Member=Component C1 0.1uF
Added Member To Class: ClassName=ver_4 Member=Component C2 0.1uF
Added Member To Class: ClassName=ver_4 Member=Component C4 22uF
Added Member To Class: ClassName=ver_4 Member=Component C10 150pF
Added Member To Class: ClassName=ver_4 Member=Component C11 100pF
Added Member To Class: ClassName=ver_4 Member=Component C12 1nF
Added Member To Class: ClassName=ver_4 Member=Component C13 104
Added Member To Class: ClassName=ver_4 Member=Component C14 104
Added Member To Class: ClassName=ver_4 Member=Component C15 1nF
Added Member To Class: ClassName=ver_4 Member=Component D1 diode_1N4007(M7)
Added Member To Class: ClassName=ver_4 Member=Component D3 1N4148
Added Member To Class: ClassName=ver_4 Member=Component jk1 jack dc
Added Member To Class: ClassName=ver_4 Member=Component R9 10K
Added Member To Class: ClassName=ver_4 Member=Component R10 10K
Added Member To Class: ClassName=ver_4 Member=Component U3 ESP32-WROOM-32
Added Member To Class: ClassName=ver_4 Member=Component U5 USB-TYPE-C-6-PIN-CONG
