Removed Pin From Net: NetName=GND Pin=C11-1
Removed Pin From Net: NetName=3V3 Pin=C11-2
Removed Pin From Net: NetName=NetC11_1 Pin=C15-1
Removed Pin From Net: NetName=NetC11_2 Pin=C15-2
Added Component: Designator=C8(CN-SMD-0603)
Added Pin To Net: NetName=GND Pin=C8-1
Added Pin To Net: NetName=3V3 Pin=C8-2
Added Member To Class: ClassName=ver_4 Member=Component C7 22uF
Added Member To Class: ClassName=ver_4 Member=Component C9 104
Added Member To Class: ClassName=ver_4 Member=Component C11 100pF
Added Member To Class: ClassName=ver_4 Member=Component C13 104
Added Member To Class: ClassName=ver_4 Member=Component C14 104
Added Member To Class: ClassName=ver_4 Member=Component R1 1K
Added Member To Class: ClassName=ver_4 Member=Component R3 2.2K
Added Member To Class: ClassName=ver_4 Member=Component R4 6.8K
Added Member To Class: ClassName=ver_4 Member=Component R5 1K
Added Member To Class: ClassName=ver_4 Member=Component R6 2.2K
Added Member To Class: ClassName=ver_4 Member=Component R7 47K
Added Member To Class: ClassName=ver_4 Member=Component R8 1K5
Added Member To Class: ClassName=ver_4 Member=Component U3 ESP32-WROOM-32
Added Member To Class: ClassName=ver_4 Member=Component U5 USB-TYPE-C-6-PIN-CONG
