Removed Pin From Net: NetName=E Pin=U3-1
Removed Pin From Net: NetName=D Pin=U3-2
Removed Pin From Net: NetName=DP Pin=U3-3
Removed Pin From Net: NetName=C Pin=U3-4
Removed Pin From Net: NetName=G Pin=U3-5
Removed Pin From Net: NetName=DIG4 Pin=U3-6
Removed Pin From Net: NetName=B Pin=U3-7
Removed Pin From Net: NetName=DIG3 Pin=U3-8
Removed Pin From Net: NetName=DIG2 Pin=U3-9
Removed Pin From Net: NetName=F Pin=U3-10
Removed Pin From Net: NetName=A Pin=U3-11
Removed Pin From Net: NetName=DIG1 Pin=U3-12
Added Pin To Net: NetName=NetC14_1 Pin=C14-1
Added Pin To Net: NetName=NetC14_2 Pin=C14-2
Added Pin To Net: NetName=NetC14_1 Pin=C15-1
Added Pin To Net: NetName=NetC14_2 Pin=C15-2
Added Pin To Net: NetName=NetC14_2 Pin=R21-1
Added Pin To Net: NetName=NetC14_1 Pin=R21-2
Added Pin To Net: NetName=DIG4 Pin=U3-1
Added Pin To Net: NetName=G Pin=U3-2
Added Pin To Net: NetName=C Pin=U3-3
Added Pin To Net: NetName=DP Pin=U3-4
Added Pin To Net: NetName=D Pin=U3-5
Added Pin To Net: NetName=E Pin=U3-6
Added Pin To Net: NetName=DIG1 Pin=U3-7
Added Pin To Net: NetName=A Pin=U3-8
Added Pin To Net: NetName=F Pin=U3-9
Added Pin To Net: NetName=DIG2 Pin=U3-10
Added Pin To Net: NetName=DIG3 Pin=U3-11
Added Pin To Net: NetName=B Pin=U3-12
Added Member To Class: ClassName=ver_3 Member=Component C14 100pF
Added Member To Class: ClassName=ver_3 Member=Component C15 1nF
Added Member To Class: ClassName=ver_3 Member=Component Led_1 led_5mm
Added Member To Class: ClassName=ver_3 Member=Component R21 1K5
