Added Member To Class: ClassName=ver_3 Member=Component *1 jack dc
Added Member To Class: ClassName=ver_3 Member=Component C6 104
Added Member To Class: ClassName=ver_3 Member=Component C8 104
Added Member To Class: ClassName=ver_3 Member=Component C13 20pF
Added Member To Class: ClassName=ver_3 Member=Component C16 100pF
Added Member To Class: ClassName=ver_3 Member=Component C18 104
Added Member To Class: ClassName=ver_3 Member=Component C20 104
Added Member To Class: ClassName=ver_3 Member=Component R2 1K
Added Member To Class: ClassName=ver_3 Member=Component R8 330
Added Member To Class: ClassName=ver_3 Member=Component R10 330
Added Member To Class: ClassName=ver_3 Member=Component R11 330
Added Member To Class: ClassName=ver_3 Member=Component R12 2.2K
Added Member To Class: ClassName=ver_3 Member=Component R18 330
Added Member To Class: ClassName=ver_3 Member=Component R19 10K
Added Member To Class: ClassName=ver_3 Member=Component R20 10K
Added Member To Class: ClassName=ver_3 Member=Component R23 330
Added Member To Class: ClassName=ver_3 Member=Component R25 1K
Added Member To Class: ClassName=ver_3 Member=Component U3 7seg4_5461AS-1_1
Added Member To Class: ClassName=ver_3 Member=Component U5 APM32F030C8T6
Added Member To Class: ClassName=ver_3 Member=Component U6 MC12079
