Removed Pin From Net: NetName=5V Pin=buzzer_1-P
Removed Member From Class: ClassName=ver_3 Member=buzzer_1
Change Component Designator: OldDesignator=3 NewDesignator=jk1
Added Component: Designator=BUZZER1(buzzer_9x5.5)
Added Pin To Net: NetName=5V Pin=BUZZER1-1
Added Pin To Net: NetName=E Pin=U3-1
Added Pin To Net: NetName=D Pin=U3-2
Added Pin To Net: NetName=DP Pin=U3-3
Added Pin To Net: NetName=C Pin=U3-4
Added Pin To Net: NetName=G Pin=U3-5
Added Pin To Net: NetName=DIG4 Pin=U3-6
Added Pin To Net: NetName=B Pin=U3-7
Added Pin To Net: NetName=DIG3 Pin=U3-8
Added Pin To Net: NetName=DIG2 Pin=U3-9
Added Pin To Net: NetName=F Pin=U3-10
Added Pin To Net: NetName=A Pin=U3-11
Added Pin To Net: NetName=DIG1 Pin=U3-12
Added Pin To Net: NetName=NetBUZZER1_2 Pin=BUZZER1-2
Added Pin To Net: NetName=NetBUZZER1_2 Pin=D3-1
Added Pin To Net: NetName=NetBUZZER1_2 Pin=Q1-2
Added Net: Name=NetBUZZER1_2
Added Member To Class: ClassName=ver_3 Member=Component BUZZER1 buzzer_9x5.5
Added Member To Class: ClassName=ver_3 Member=Component R3 330
Added Member To Class: ClassName=ver_3 Member=Component R4 330
Added Member To Class: ClassName=ver_3 Member=Component R6 330
Added Member To Class: ClassName=ver_3 Member=Component R7 330
Added Member To Class: ClassName=ver_3 Member=Component R8 330
Added Member To Class: ClassName=ver_3 Member=Component R9 330
Added Member To Class: ClassName=ver_3 Member=Component R10 330
Added Member To Class: ClassName=ver_3 Member=Component R11 330
Added Member To Class: ClassName=ver_3 Member=Component U3 3641AS
