Change Component Comment : Designator=C3 Old Comment=100nF New Comment=22uF
Change Component Comment : Designator=C4 Old Comment=100nF New Comment=22uF
Change Component Comment : Designator=C10 Old Comment=100nF New Comment=22uF
Change Component Designator: OldDesignator=C11 NewDesignator=C12
Change Component Designator: OldDesignator=C12 NewDesignator=C13
Change Component Designator: OldDesignator=C13 NewDesignator=C14
Change Component Designator: OldDesignator=C14 NewDesignator=C15
Change Component Designator: OldDesignator=C15 NewDesignator=C16
Change Component Designator: OldDesignator=C16 NewDesignator=C17
Change Component Designator: OldDesignator=C17 NewDesignator=C18
Change Component Designator: OldDesignator=C18 NewDesignator=C19
Added Component: Designator=C11(CN-SMD-0603)
Added Pin To Net: NetName=GND Pin=C11-1
Added Pin To Net: NetName=3V3 Pin=C11-2
Change Net Name : Old Net Name=NetC12_1 New Net Name=NetC13_1
Change Net Name : Old Net Name=NetC13_1 New Net Name=NetC14_1
Change Net Name : Old Net Name=NetC13_2 New Net Name=NetC14_2
Added Member To Class: ClassName=ver_3 Member=Component C1 0.1uF
Added Member To Class: ClassName=ver_3 Member=Component C2 0.1uF
Added Member To Class: ClassName=ver_3 Member=Component C4 22uF
Added Member To Class: ClassName=ver_3 Member=Component C19 104
