Added Component: Designator=*1(Led 5 ly)
Added Component: Designator=*2(Led 5 ly)
Added Component: Designator=*3(Led 5 ly)
Added Component: Designator=*4(JP5x1)
Added Component: Designator=C1(CN-SMD-0603)
Add component (AddParameter): Name = "Bottom"; Value = "10"; VariantName = "[No Variations]"
Add component (AddParameter): Name = "Right"; Value = "20"; VariantName = "[No Variations]"
Added Component: Designator=C2(CN-SMD-0603)
Add component (AddParameter): Name = "Bottom"; Value = "10"; VariantName = "[No Variations]"
Add component (AddParameter): Name = "Right"; Value = "20"; VariantName = "[No Variations]"
Added Component: Designator=C3(CN-SMD-0603)
Add component (AddParameter): Name = "Bottom"; Value = "10"; VariantName = "[No Variations]"
Add component (AddParameter): Name = "Right"; Value = "20"; VariantName = "[No Variations]"
Added Component: Designator=C4(CN-SMD-0603)
Add component (AddParameter): Name = "Bottom"; Value = "10"; VariantName = "[No Variations]"
Add component (AddParameter): Name = "Right"; Value = "20"; VariantName = "[No Variations]"
Added Component: Designator=C5(CN-SMD-0603)
Added Component: Designator=C6(C_Tanta_3528)
Added Component: Designator=C7(CN-SMD-0603)
Added Component: Designator=C8(CN-SMD-0603)
Add component (AddParameter): Name = "Bottom"; Value = "10"; VariantName = "[No Variations]"
Add component (AddParameter): Name = "Right"; Value = "20"; VariantName = "[No Variations]"
Added Component: Designator=C9(CN-SMD-0603)
Add component (AddParameter): Name = "Bottom"; Value = "10"; VariantName = "[No Variations]"
Add component (AddParameter): Name = "Right"; Value = "20"; VariantName = "[No Variations]"
Added Component: Designator=C10(CN-SMD-0603)
Add component (AddParameter): Name = "Bottom"; Value = "10"; VariantName = "[No Variations]"
Add component (AddParameter): Name = "Right"; Value = "20"; VariantName = "[No Variations]"
Added Component: Designator=C11(CN-SMD-0603)
Add component (AddParameter): Name = "Bottom"; Value = "10"; VariantName = "[No Variations]"
Add component (AddParameter): Name = "Right"; Value = "20"; VariantName = "[No Variations]"
Added Component: Designator=C12(CN-SMD-0603)
Add component (AddParameter): Name = "Bottom"; Value = "10"; VariantName = "[No Variations]"
Add component (AddParameter): Name = "Right"; Value = "20"; VariantName = "[No Variations]"
Added Component: Designator=C13(CN-SMD-0603)
Add component (AddParameter): Name = "Bottom"; Value = "10"; VariantName = "[No Variations]"
Add component (AddParameter): Name = "Right"; Value = "20"; VariantName = "[No Variations]"
Added Component: Designator=C14(CN-SMD-0603)
Add component (AddParameter): Name = "Bottom"; Value = "10"; VariantName = "[No Variations]"
Add component (AddParameter): Name = "Right"; Value = "20"; VariantName = "[No Variations]"
Added Component: Designator=C15(CN-SMD-0603)
Add component (AddParameter): Name = "Bottom"; Value = "10"; VariantName = "[No Variations]"
Add component (AddParameter): Name = "Right"; Value = "20"; VariantName = "[No Variations]"
Added Component: Designator=C16(CN-SMD-0603)
Add component (AddParameter): Name = "Bottom"; Value = "10"; VariantName = "[No Variations]"
Add component (AddParameter): Name = "Right"; Value = "20"; VariantName = "[No Variations]"
Added Component: Designator=D1(SOD-123)
Add component (AddParameter): Name = "Value"; Value = "1N4007"; VariantName = "[No Variations]"
Added Component: Designator=JP1(CON2)
Add component (AddParameter): Name = "Value"; Value = "Connector 2"; VariantName = "[No Variations]"
Added Component: Designator=Q1(SOT23B)
Add component (AddParameter): Name = "Value"; Value = "C1815"; VariantName = "[No Variations]"
Added Component: Designator=Q2(j3y)
Added Component: Designator=R1(RES-SMD-0603)
Add component (AddParameter): Name = "Value"; Value = "R1/4W - 1K"; VariantName = "[No Variations]"
Added Component: Designator=R2(RES-SMD-0603)
Add component (AddParameter): Name = "Value"; Value = "R1/4W - 1K"; VariantName = "[No Variations]"
Added Component: Designator=R3(RES-SMD-0603)
Add component (AddParameter): Name = "Value"; Value = "R1/4W - 1K"; VariantName = "[No Variations]"
Added Component: Designator=R4(RES-SMD-0603)
Add component (AddParameter): Name = "Value"; Value = "R1/4W - 1K"; VariantName = "[No Variations]"
Added Component: Designator=R5(RES-SMD-0603)
Add component (AddParameter): Name = "Value"; Value = "R1/4W - 1K"; VariantName = "[No Variations]"
Added Component: Designator=R6(RES-SMD-0603)
Add component (AddParameter): Name = "Value"; Value = "R1/4W - 1K"; VariantName = "[No Variations]"
Added Component: Designator=R7(RES-SMD-0603)
Add component (AddParameter): Name = "Value"; Value = "R1/4W - 1K"; VariantName = "[No Variations]"
Added Component: Designator=R8(RES-SMD-0603)
Add component (AddParameter): Name = "Value"; Value = "R1/4W - 1K"; VariantName = "[No Variations]"
Added Component: Designator=R9(RES-SMD-0603)
Add component (AddParameter): Name = "Value"; Value = "R1/4W - 1K"; VariantName = "[No Variations]"
Added Component: Designator=R10(RES-SMD-0603)
Add component (AddParameter): Name = "Value"; Value = "R1/4W - 1K"; VariantName = "[No Variations]"
Added Component: Designator=R11(RES-SMD-0603)
Add component (AddParameter): Name = "Value"; Value = "R1/4W - 1K"; VariantName = "[No Variations]"
Added Component: Designator=R12(RES-SMD-0603)
Add component (AddParameter): Name = "Value"; Value = "R1/4W - 1K"; VariantName = "[No Variations]"
Added Component: Designator=R13(RES-SMD-0603)
Add component (AddParameter): Name = "Value"; Value = "R1/4W - 1K"; VariantName = "[No Variations]"
Added Component: Designator=R14(RES-SMD-0603)
Add component (AddParameter): Name = "Value"; Value = "R1/4W - 1K"; VariantName = "[No Variations]"
Added Component: Designator=RX1(LED0603_RED)
Add component (AddParameter): Name = "Contributor"; Value = "LCEDA_01"; VariantName = "[No Variations]"
Add component (AddParameter): Name = "link"; Value = ""; VariantName = "[No Variations]"
Add component (AddParameter): Name = "Manufacturer"; Value = "EVERLIGHT(????)"; VariantName = "[No Variations]"
Add component (AddParameter): Name = "Manufacturer Part"; Value = "19-217/R6C-AL1M2VY/3T"; VariantName = "[No Variations]"
Add component (AddParameter): Name = "spicePre"; Value = "L"; VariantName = "[No Variations]"
Add component (AddParameter): Name = "spiceSymbolName"; Value = "LED-0603_R"; VariantName = "[No Variations]"
Add component (AddParameter): Name = "Supplier"; Value = "LCSC"; VariantName = "[No Variations]"
Add component (AddParameter): Name = "Supplier Part"; Value = "C72044"; VariantName = "[No Variations]"
Added Component: Designator=SPEAKER1(buzzer 5v)
Add component (AddParameter): Name = "LatestRevisionDate"; Value = "17-Jul-2002"; VariantName = "[No Variations]"
Add component (AddParameter): Name = "LatestRevisionNote"; Value = "Re-released for DXP Platform."; VariantName = "[No Variations]"
Add component (AddParameter): Name = "PackageReference"; Value = "PIN2"; VariantName = "[No Variations]"
Add component (AddParameter): Name = "Published"; Value = "24-Mar-1999"; VariantName = "[No Variations]"
Add component (AddParameter): Name = "Publisher"; Value = "Altium Limited"; VariantName = "[No Variations]"
Added Component: Designator=U1(AMS1117-SOT223)
Added Component: Designator=U2(7550)
Added Component: Designator=U3(74HC14)
Added Component: Designator=U4(LQFP-48_L7.0-W7.0-P0.50-LS9.0-BL)
Added Component: Designator=U5(MC12079)
Added Component: Designator=X1(Thach_Anh_8Mhz_SMD)
Added Pin To Net: NetName=3V3 Pin=C3-2
Added Pin To Net: NetName=3V3 Pin=C4-2
Added Pin To Net: NetName=3V3 Pin=C6-1
Added Pin To Net: NetName=3V3 Pin=C7-2
Added Pin To Net: NetName=3V3 Pin=C16-1
Added Pin To Net: NetName=3V3 Pin=R5-1
Added Pin To Net: NetName=3V3 Pin=R8-2
Added Pin To Net: NetName=3V3 Pin=R10-2
Added Pin To Net: NetName=3V3 Pin=R13-2
Added Pin To Net: NetName=3V3 Pin=U1-2
Added Pin To Net: NetName=3V3 Pin=U1-2
Added Pin To Net: NetName=3V3 Pin=U4-24
Added Pin To Net: NetName=3V3 Pin=U4-36
Added Net: Name=3V3
Added Pin To Net: NetName=4A Pin=Q2-3
Added Pin To Net: NetName=4A Pin=R3-2
Added Pin To Net: NetName=4A Pin=R4-2
Added Pin To Net: NetName=4A Pin=U3-9
Added Net: Name=4A
Added Pin To Net: NetName=4Y Pin=U3-8
Added Pin To Net: NetName=4Y Pin=U3-11
Added Net: Name=4Y
Added Pin To Net: NetName=5V Pin=C5-2
Added Pin To Net: NetName=5V Pin=C8-2
Added Pin To Net: NetName=5V Pin=C12-1
Added Pin To Net: NetName=5V Pin=C13-1
Added Pin To Net: NetName=5V Pin=C14-2
Added Pin To Net: NetName=5V Pin=C15-2
Added Pin To Net: NetName=5V Pin=R3-1
Added Pin To Net: NetName=5V Pin=R11-1
Added Pin To Net: NetName=5V Pin=R12-1
Added Pin To Net: NetName=5V Pin=U1-3
Added Pin To Net: NetName=5V Pin=U2-3
Added Pin To Net: NetName=5V Pin=U3-14
Added Pin To Net: NetName=5V Pin=U5-2
Added Pin To Net: NetName=5V Pin=U5-8
Added Net: Name=5V
Added Pin To Net: NetName=9V Pin=JP1-2
Added Net: Name=9V
Added Pin To Net: NetName=BOOT0 Pin=R14-2
Added Pin To Net: NetName=BOOT0 Pin=U4-44
Added Net: Name=BOOT0
Added Pin To Net: NetName=buzzer Pin=R2-1
Added Pin To Net: NetName=buzzer Pin=U4-25
Added Net: Name=buzzer
Added Pin To Net: NetName=GND Pin=*4-05
Added Pin To Net: NetName=GND Pin=C1-2
Added Pin To Net: NetName=GND Pin=C2-2
Added Pin To Net: NetName=GND Pin=C3-1
Added Pin To Net: NetName=GND Pin=C4-1
Added Pin To Net: NetName=GND Pin=C5-1
Added Pin To Net: NetName=GND Pin=C8-1
Added Pin To Net: NetName=GND Pin=C9-2
Added Pin To Net: NetName=GND Pin=C11-2
Added Pin To Net: NetName=GND Pin=C14-1
Added Pin To Net: NetName=GND Pin=C15-1
Added Pin To Net: NetName=GND Pin=C16-2
Added Pin To Net: NetName=GND Pin=JP1-1
Added Pin To Net: NetName=GND Pin=Q1-1
Added Pin To Net: NetName=GND Pin=Q2-2
Added Pin To Net: NetName=GND Pin=R1-1
Added Pin To Net: NetName=GND Pin=R6-2
Added Pin To Net: NetName=GND Pin=R7-2
Added Pin To Net: NetName=GND Pin=R14-1
Added Pin To Net: NetName=GND Pin=RX1-2
Added Pin To Net: NetName=GND Pin=U2-1
Added Pin To Net: NetName=GND Pin=U3-7
Added Pin To Net: NetName=GND Pin=U4-8
Added Pin To Net: NetName=GND Pin=U4-23
Added Pin To Net: NetName=GND Pin=U4-35
Added Pin To Net: NetName=GND Pin=U4-47
Added Pin To Net: NetName=GND Pin=U5-3
Added Pin To Net: NetName=GND Pin=U5-5
Added Pin To Net: NetName=GND Pin=U5-6
Added Pin To Net: NetName=GND Pin=X1-2
Added Pin To Net: NetName=GND Pin=X1-4
Added Net: Name=GND
Added Pin To Net: NetName=led_315 Pin=*1-C
Added Pin To Net: NetName=led_315 Pin=U4-26
Added Net: Name=led_315
Added Pin To Net: NetName=led_433 Pin=*2-C
Added Pin To Net: NetName=led_433 Pin=U4-27
Added Net: Name=led_433
Added Pin To Net: NetName=led_LF Pin=*3-C
Added Pin To Net: NetName=led_LF Pin=U4-28
Added Net: Name=led_LF
Added Pin To Net: NetName=Led Pin=R9-2
Added Pin To Net: NetName=Led Pin=U4-2
Added Net: Name=Led
Added Pin To Net: NetName=Net*1_A Pin=*1-A
Added Pin To Net: NetName=Net*1_A Pin=R5-2
Added Net: Name=Net*1_A
Added Pin To Net: NetName=Net*2_A Pin=*2-A
Added Pin To Net: NetName=Net*2_A Pin=R8-1
Added Net: Name=Net*2_A
Added Pin To Net: NetName=Net*3_A Pin=*3-A
Added Pin To Net: NetName=Net*3_A Pin=R10-1
Added Net: Name=Net*3_A
Added Pin To Net: NetName=NetC6_2 Pin=C6-2
Added Pin To Net: NetName=NetC6_2 Pin=C7-1
Added Pin To Net: NetName=NetC6_2 Pin=U1-1
Added Net: Name=NetC6_2
Added Pin To Net: NetName=NetC10_1 Pin=C10-1
Added Pin To Net: NetName=NetC10_1 Pin=Q2-1
Added Pin To Net: NetName=NetC10_1 Pin=R4-1
Added Pin To Net: NetName=NetC10_1 Pin=R7-1
Added Net: Name=NetC10_1
Added Pin To Net: NetName=NetC12_2 Pin=C12-2
Added Pin To Net: NetName=NetC12_2 Pin=C13-2
Added Pin To Net: NetName=NetC12_2 Pin=R12-2
Added Net: Name=NetC12_2
Added Pin To Net: NetName=NetD1_1 Pin=D1-1
Added Pin To Net: NetName=NetD1_1 Pin=Q1-2
Added Net: Name=NetD1_1
Added Pin To Net: NetName=NetQ1_3 Pin=Q1-3
Added Pin To Net: NetName=NetQ1_3 Pin=R2-2
Added Net: Name=NetQ1_3
Added Pin To Net: NetName=NetR9_1 Pin=R9-1
Added Pin To Net: NetName=NetR9_1 Pin=RX1-1
Added Net: Name=NetR9_1
Added Pin To Net: NetName=NetR11_2 Pin=R11-2
Added Pin To Net: NetName=NetR11_2 Pin=U5-1
Added Net: Name=NetR11_2
Added Pin To Net: NetName=NRST Pin=*4-01
Added Pin To Net: NetName=NRST Pin=R13-1
Added Pin To Net: NetName=NRST Pin=U4-7
Added Net: Name=NRST
Added Pin To Net: NetName=OUT Pin=C10-2
Added Pin To Net: NetName=OUT Pin=R6-1
Added Pin To Net: NetName=OUT Pin=U5-4
Added Net: Name=OUT
Added Pin To Net: NetName=PB1 Pin=U3-10
Added Pin To Net: NetName=PB1 Pin=U4-19
Added Net: Name=PB1
Added Pin To Net: NetName=PB2 Pin=R1-2
Added Pin To Net: NetName=PB2 Pin=U4-20
Added Net: Name=PB2
Added Pin To Net: NetName=PF0 Pin=C11-1
Added Pin To Net: NetName=PF0 Pin=U4-5
Added Pin To Net: NetName=PF0 Pin=X1-1
Added Net: Name=PF0
Added Pin To Net: NetName=PF1 Pin=C9-1
Added Pin To Net: NetName=PF1 Pin=U4-6
Added Pin To Net: NetName=PF1 Pin=X1-3
Added Net: Name=PF1
Added Pin To Net: NetName=SWCLK Pin=*4-04
Added Pin To Net: NetName=SWCLK Pin=U4-37
Added Net: Name=SWCLK
Added Pin To Net: NetName=SWDIO Pin=*4-03
Added Pin To Net: NetName=SWDIO Pin=U4-34
Added Net: Name=SWDIO
Added Pin To Net: NetName=V_5V Pin=D1-2
Added Net: Name=V_5V
Added Pin To Net: NetName=VCC Pin=*4-02
Added Pin To Net: NetName=VCC Pin=C1-1
Added Pin To Net: NetName=VCC Pin=C2-1
Added Pin To Net: NetName=VCC Pin=U4-1
Added Pin To Net: NetName=VCC Pin=U4-48
Added Net: Name=VCC
Added Class: Name=ver1
Added Room: Name=ver1
