Removed Pin From Net: NetName=3V3 Pin=C10-1
Removed Pin From Net: NetName=GND Pin=C10-2
Removed Pin From Net: NetName=GND Pin=U1-1
Removed Pin From Net: NetName=5V Pin=U1-2
Removed Pin From Net: NetName=5V Pin=U1-2
Removed Pin From Net: NetName=9V Pin=U1-3
Removed Member From Class: ClassName=ver_3 Member=C19
Change Component Footprint: Designator=U1 Old Footprint=AMS1117-SOT223 New Footprint=78M05
Change Component Comment : Designator=C1 Old Comment=10uF New Comment=22uF
Change Component Comment : Designator=C3 Old Comment=10uF New Comment=22uF
Change Component Comment : Designator=C11 Old Comment=10uF New Comment=22uF
Change Component Comment : Designator=C2 Old Comment=100nF New Comment=0.1uF
Change Component Comment : Designator=C4 Old Comment=100uF New Comment=0.1uF
Change Component Comment : Designator=U1 Old Comment=AMS1117 New Comment=78M05
Change Component Designator: OldDesignator=C11 NewDesignator=C10
Change Component Designator: OldDesignator=C12 NewDesignator=C11
Change Component Designator: OldDesignator=C13 NewDesignator=C12
Change Component Designator: OldDesignator=C14 NewDesignator=C13
Change Component Designator: OldDesignator=C15 NewDesignator=C14
Change Component Designator: OldDesignator=C16 NewDesignator=C15
Change Component Designator: OldDesignator=C17 NewDesignator=C16
Change Component Designator: OldDesignator=C18 NewDesignator=C17
Change Component Designator: OldDesignator=C19 NewDesignator=C18
Change Component Designator: OldDesignator=D1 NewDesignator=D3
Added Component: Designator=D1(diode_1N4007-M7)
Added Component: Designator=D2(diode_1N4007-M7)
Added Pin To Net: NetName=9V Pin=D1-1
Added Pin To Net: NetName=5V Pin=D1-2
Added Pin To Net: NetName=5V Pin=D2-1
Added Pin To Net: NetName=3V3 Pin=D2-2
Added Pin To Net: NetName=9V Pin=U1-1
Added Pin To Net: NetName=5V Pin=U1-3
Added Pin To Net: NetName=GND Pin=U1-4
Change Net Name : Old Net Name=NetC13_1 New Net Name=NetC12_1
Change Net Name : Old Net Name=NetC14_1 New Net Name=NetC13_1
Change Net Name : Old Net Name=NetC14_2 New Net Name=NetC13_2
Added Member To Class: ClassName=ver_3 Member=Component D2 diode_1N4007(M7)
Added Member To Class: ClassName=ver_3 Member=Component D3 1N4148
Added Member To Class: ClassName=ver_3 Member=Component Q3 2TY
Added Member To Class: ClassName=ver_3 Member=Component Q4 2TY
Added Member To Class: ClassName=ver_3 Member=Component Q5 2TY
Added Member To Class: ClassName=ver_3 Member=Component Q6 2TY
Added Member To Class: ClassName=ver_3 Member=Component R16 330
Added Member To Class: ClassName=ver_3 Member=Component R17 330
Added Member To Class: ClassName=ver_3 Member=Component R18 330
Added Member To Class: ClassName=ver_3 Member=Component R19 330
Added Member To Class: ClassName=ver_3 Member=Component U3 7seg4_5461AS-1_1
Added Member To Class: ClassName=ver_3 Member=Component U5 USB-TYPE-C-6-PIN-CONG
Added Member To Class: ClassName=ver_3 Member=Component U6 STM32F103C8T6
