Removed Pin From Net: NetName=GND Pin=*1-4
Removed Pin From Net: NetName=NRST Pin=*5-01
Removed Pin From Net: NetName=3V3 Pin=*5-02
Removed Pin From Net: NetName=SWCLK Pin=*5-03
Removed Pin From Net: NetName=GND Pin=*5-04
Removed Pin From Net: NetName=SWDIO Pin=*5-05
Removed Pin From Net: NetName=3V3 Pin=R11-2
Removed Pin From Net: NetName=3V3 Pin=R12-2
Removed Pin From Net: NetName=GND Pin=U5-1
Removed Pin From Net: NetName=GND Pin=U5-2
Removed Pin From Net: NetName=NetC1.1_1 Pin=U5-4
Removed Pin From Net: NetName=Net*_01 Pin=U5-5
Removed Pin From Net: NetName=5V Pin=U5-6
Removed Pin From Net: NetName=GND Pin=U5-7
Removed Pin From Net: NetName=OUT Pin=U5-8
Removed Member From Class: ClassName=ver_3 Member=*2
Removed Member From Class: ClassName=ver_3 Member=*5
Removed Member From Class: ClassName=ver_3 Member=C12-1
Removed Member From Class: ClassName=ver_3 Member=C?
Removed Member From Class: ClassName=ver_3 Member=Led_5
Removed Member From Class: ClassName=ver_3 Member=R21
Removed Member From Class: ClassName=ver_3 Member=R31
Removed Member From Class: ClassName=ver_3 Member=R38
Removed Member From Class: ClassName=ver_3 Member=R40
Removed Member From Class: ClassName=ver_3 Member=R41
Removed Member From Class: ClassName=ver_3 Member=R?
Change Component Comment : Designator=C1.2 Old Comment=10nF New Comment=1nF
Change Component Designator: OldDesignator=*2 NewDesignator=*1
Change Component Designator: OldDesignator=C1.1 NewDesignator=C16
Change Component Designator: OldDesignator=C1.2 NewDesignator=C17
Change Component Designator: OldDesignator=C6 NewDesignator=C10
Change Component Designator: OldDesignator=C7 NewDesignator=C15
Change Component Designator: OldDesignator=C8 NewDesignator=C13
Change Component Designator: OldDesignator=C9 NewDesignator=C12
Change Component Designator: OldDesignator=C12-1 NewDesignator=C6
Change Component Designator: OldDesignator=C12-2 NewDesignator=C5
Change Component Designator: OldDesignator=C13 NewDesignator=C7
Change Component Designator: OldDesignator=C15 NewDesignator=C9
Change Component Designator: OldDesignator=C16 NewDesignator=C20
Change Component Designator: OldDesignator=C17 NewDesignator=C14
Change Component Designator: OldDesignator=C18 NewDesignator=C19
Change Component Designator: OldDesignator=C20 NewDesignator=C11
Change Component Designator: OldDesignator=C? NewDesignator=C18
Change Component Designator: OldDesignator=R2 NewDesignator=R5
Change Component Designator: OldDesignator=R5 NewDesignator=R14
Change Component Designator: OldDesignator=R8 NewDesignator=R19
Change Component Designator: OldDesignator=R10 NewDesignator=R20
Change Component Designator: OldDesignator=R18 NewDesignator=R26
Change Component Designator: OldDesignator=R19 NewDesignator=R24
Change Component Designator: OldDesignator=R20 NewDesignator=R25
Change Component Designator: OldDesignator=R21 NewDesignator=R12
Change Component Designator: OldDesignator=R23 NewDesignator=R13
Change Component Designator: OldDesignator=R25 NewDesignator=R15
Change Component Designator: OldDesignator=R26 NewDesignator=R16
Change Component Designator: OldDesignator=R27 NewDesignator=R28
Change Component Designator: OldDesignator=R30 NewDesignator=R17
Change Component Designator: OldDesignator=R31 NewDesignator=R18
Change Component Designator: OldDesignator=R32 NewDesignator=R22
Change Component Designator: OldDesignator=R33 NewDesignator=R23
Change Component Designator: OldDesignator=R34 NewDesignator=R3
Change Component Designator: OldDesignator=R35 NewDesignator=R4
Change Component Designator: OldDesignator=R36 NewDesignator=R6
Change Component Designator: OldDesignator=R37 NewDesignator=R7
Change Component Designator: OldDesignator=R38 NewDesignator=R8
Change Component Designator: OldDesignator=R39 NewDesignator=R9
Change Component Designator: OldDesignator=R40 NewDesignator=R10
Change Component Designator: OldDesignator=R41 NewDesignator=R11
Change Component Designator: OldDesignator=R? NewDesignator=R2
Change Component Designator: OldDesignator=U3 NewDesignator=U4
Change Component Designator: OldDesignator=U4 NewDesignator=U5
Change Component Designator: OldDesignator=U6 NewDesignator=U3
Change Component Designator: OldDesignator=U? NewDesignator=U1
Added Component: Designator=?(JP3x1)
Added Component: Designator=C8(CN-SMD-0603)
Add component (AddParameter): Name = "Bottom"; Value = "10"; VariantName = "[No Variations]"
Add component (AddParameter): Name = "Right"; Value = "20"; VariantName = "[No Variations]"
Added Component: Designator=U6(MC12079)
Added Pin To Net: NetName=SWCLK Pin=?-01
Added Pin To Net: NetName=GND Pin=?-02
Added Pin To Net: NetName=SWDIO Pin=?-03
Added Pin To Net: NetName=3V3 Pin=C8-1
Added Pin To Net: NetName=GND Pin=C8-2
Added Pin To Net: NetName=Net*_01 Pin=C17-2
Added Pin To Net: NetName=3V3 Pin=U5-9
Added Pin To Net: NetName=Net*_01 Pin=U6-1
Added Pin To Net: NetName=5V Pin=U6-2
Added Pin To Net: NetName=GND Pin=U6-3
Added Pin To Net: NetName=OUT Pin=U6-4
Added Pin To Net: NetName=GND Pin=U6-5
Added Pin To Net: NetName=GND Pin=U6-6
Added Pin To Net: NetName=NetC1.1_1 Pin=U6-8
Change Net Name : Old Net Name=Net*_01 New Net Name=NetC16_2
Change Net Name : Old Net Name=NetC1.1_1 New Net Name=NetC16_1
Change Net Name : Old Net Name=NetC17_1 New Net Name=NetC14_1
Added Member To Class: ClassName=ver_3 Member=Component ? JP3x1
Added Member To Class: ClassName=ver_3 Member=Component C10 226J
Added Member To Class: ClassName=ver_3 Member=Component C12 104
Added Member To Class: ClassName=ver_3 Member=Component C19 104
Added Member To Class: ClassName=ver_3 Member=Component R14 10K
Added Member To Class: ClassName=ver_3 Member=Component R24 47K
Added Member To Class: ClassName=ver_3 Member=Component R25 1K
Added Member To Class: ClassName=ver_3 Member=Component R26 4.7K
