Removed Pin From Net: NetName=5V Pin=C12-1
Removed Pin From Net: NetName=5V Pin=C13-1
Removed Pin From Net: NetName=5V Pin=R12-1
Removed Pin From Net: NetName=5V Pin=U5-8
Change Component Designator: OldDesignator=C1 NewDesignator=C12-2
Change Component Designator: OldDesignator=C2 NewDesignator=C12-1
Change Component Designator: OldDesignator=C3 NewDesignator=C13
Change Component Designator: OldDesignator=C4 NewDesignator=C15
Change Component Designator: OldDesignator=C8 NewDesignator=C9
Change Component Designator: OldDesignator=C9 NewDesignator=C8
Change Component Designator: OldDesignator=C10 NewDesignator=C17
Change Component Designator: OldDesignator=C11 NewDesignator=C7
Change Component Designator: OldDesignator=C12 NewDesignator=C1.1
Change Component Designator: OldDesignator=C13 NewDesignator=C1.2
Change Component Designator: OldDesignator=C14 NewDesignator=C18
Change Component Designator: OldDesignator=C15 NewDesignator=C19
Change Component Designator: OldDesignator=R3 NewDesignator=R21
Change Component Designator: OldDesignator=R4 NewDesignator=R23
Change Component Designator: OldDesignator=R6 NewDesignator=R25
Change Component Designator: OldDesignator=R7 NewDesignator=R26
Change Component Designator: OldDesignator=R11 NewDesignator=R19
Change Component Designator: OldDesignator=R12 NewDesignator=R20
Change Component Designator: OldDesignator=R13 NewDesignator=R18
Change Component Designator: OldDesignator=R14 NewDesignator=R27
Change Net Name : Old Net Name=NetC10_1 New Net Name=NetC17_1
Added Pin To Net: NetName=NetC1.1_1 Pin=C1.1-1
Added Pin To Net: NetName=NetC1.1_1 Pin=C1.2-1
Added Pin To Net: NetName=NetC1.1_1 Pin=R20-2
Added Pin To Net: NetName=NetC1.1_1 Pin=U5-8
Added Net: Name=NetC1.1_1
Added Pin To Net: NetName=NetC1.1_2 Pin=C1.1-2
Added Pin To Net: NetName=NetC1.1_2 Pin=C1.2-2
Added Pin To Net: NetName=NetC1.1_2 Pin=R19-2
Added Pin To Net: NetName=NetC1.1_2 Pin=R20-1
Added Pin To Net: NetName=NetC1.1_2 Pin=U5-1
Added Net: Name=NetC1.1_2
